****                   ADMIXTURE Version 1.3.0                  ****
****                    Copyright 2008-2015                     ****
****           David Alexander, Suyash Shringarpure,            ****
****                John  Novembre, Ken Lange                   ****
****                                                            ****
****                 Please cite our paper!                     ****
****   Information at www.genetics.ucla.edu/software/admixture  ****

Cross-validation will be performed.  Folds=5.
Parallel execution requested.  Will use 8 threads.
Random seed: 43
Point estimation method: Block relaxation algorithm
Convergence acceleration algorithm: QuasiNewton, 3 secant conditions
Point estimation will terminate when objective function delta < 0.0001
Estimation of standard errors disabled; will compute point estimates only.
Size of G: 941x396304
Performing five EM steps to prime main algorithm
1 (EM) 	Elapsed: 137.444	Loglikelihood: -6.73991e+07	(delta): 4.58349e+08
2 (EM) 	Elapsed: 144.552	Loglikelihood: -6.21666e+07	(delta): 5.23246e+06
3 (EM) 	Elapsed: 136.243	Loglikelihood: -6.17339e+07	(delta): 432728
4 (EM) 	Elapsed: 132.094	Loglikelihood: -6.15378e+07	(delta): 196091
5 (EM) 	Elapsed: 136.273	Loglikelihood: -6.13877e+07	(delta): 150078
Initial loglikelihood: -6.13877e+07
Starting main algorithm
1 (QN/Block) 	Elapsed: 326.732	Loglikelihood: -5.53288e+07	(delta): 6.05889e+06
2 (QN/Block) 	Elapsed: 326.48	Loglikelihood: -5.37649e+07	(delta): 1.56395e+06
3 (QN/Block) 	Elapsed: 322.955	Loglikelihood: -5.30703e+07	(delta): 694587
4 (QN/Block) 	Elapsed: 322.031	Loglikelihood: -5.26924e+07	(delta): 377911
5 (QN/Block) 	Elapsed: 328.821	Loglikelihood: -5.24776e+07	(delta): 214764
6 (QN/Block) 	Elapsed: 323.671	Loglikelihood: -5.23016e+07	(delta): 175999
7 (QN/Block) 	Elapsed: 344.71	Loglikelihood: -5.21996e+07	(delta): 102071
8 (QN/Block) 	Elapsed: 344.976	Loglikelihood: -5.21527e+07	(delta): 46825.9
9 (QN/Block) 	Elapsed: 344.905	Loglikelihood: -5.21307e+07	(delta): 22008.8
10 (QN/Block) 	Elapsed: 337.993	Loglikelihood: -5.21155e+07	(delta): 15268.8
11 (QN/Block) 	Elapsed: 335.947	Loglikelihood: -5.21021e+07	(delta): 13340.9
12 (QN/Block) 	Elapsed: 328.698	Loglikelihood: -5.20905e+07	(delta): 11594
13 (QN/Block) 	Elapsed: 338.839	Loglikelihood: -5.20785e+07	(delta): 12036
14 (QN/Block) 	Elapsed: 315.858	Loglikelihood: -5.20703e+07	(delta): 8172.57
15 (QN/Block) 	Elapsed: 318.039	Loglikelihood: -5.20648e+07	(delta): 5510.42
16 (QN/Block) 	Elapsed: 317.863	Loglikelihood: -5.20605e+07	(delta): 4268.95
17 (QN/Block) 	Elapsed: 317.037	Loglikelihood: -5.20565e+07	(delta): 4037.69
18 (QN/Block) 	Elapsed: 317.035	Loglikelihood: -5.20494e+07	(delta): 7104.7
19 (QN/Block) 	Elapsed: 316.536	Loglikelihood: -5.20367e+07	(delta): 12655.2
20 (QN/Block) 	Elapsed: 317.119	Loglikelihood: -5.20245e+07	(delta): 12280.7
21 (QN/Block) 	Elapsed: 319.169	Loglikelihood: -5.2017e+07	(delta): 7441.71
22 (QN/Block) 	Elapsed: 318.901	Loglikelihood: -5.20148e+07	(delta): 2216.26
23 (QN/Block) 	Elapsed: 318.89	Loglikelihood: -5.20134e+07	(delta): 1408.08
24 (QN/Block) 	Elapsed: 316.261	Loglikelihood: -5.20128e+07	(delta): 620.248
25 (QN/Block) 	Elapsed: 326.237	Loglikelihood: -5.2012e+07	(delta): 738.672
26 (QN/Block) 	Elapsed: 324.844	Loglikelihood: -5.20116e+07	(delta): 463.79
27 (QN/Block) 	Elapsed: 316.835	Loglikelihood: -5.20113e+07	(delta): 279.204
28 (QN/Block) 	Elapsed: 323.013	Loglikelihood: -5.20108e+07	(delta): 529.634
29 (QN/Block) 	Elapsed: 323.405	Loglikelihood: -5.201e+07	(delta): 740.865
30 (QN/Block) 	Elapsed: 322.652	Loglikelihood: -5.20094e+07	(delta): 679.036
31 (QN/Block) 	Elapsed: 319.622	Loglikelihood: -5.20088e+07	(delta): 576.444
32 (QN/Block) 	Elapsed: 322.661	Loglikelihood: -5.20081e+07	(delta): 650.734
33 (QN/Block) 	Elapsed: 320.537	Loglikelihood: -5.20078e+07	(delta): 345.346
34 (QN/Block) 	Elapsed: 315.079	Loglikelihood: -5.20076e+07	(delta): 145.412
35 (QN/Block) 	Elapsed: 316.59	Loglikelihood: -5.20075e+07	(delta): 108.317
36 (QN/Block) 	Elapsed: 317.1	Loglikelihood: -5.20074e+07	(delta): 96.7255
37 (QN/Block) 	Elapsed: 318.699	Loglikelihood: -5.20072e+07	(delta): 191.782
38 (QN/Block) 	Elapsed: 317.695	Loglikelihood: -5.2007e+07	(delta): 190.985
39 (QN/Block) 	Elapsed: 315.098	Loglikelihood: -5.20062e+07	(delta): 846.409
40 (QN/Block) 	Elapsed: 317.913	Loglikelihood: -5.20056e+07	(delta): 572.549
41 (QN/Block) 	Elapsed: 317.737	Loglikelihood: -5.20055e+07	(delta): 110.017
42 (QN/Block) 	Elapsed: 320.087	Loglikelihood: -5.20054e+07	(delta): 105.023
43 (QN/Block) 	Elapsed: 320.387	Loglikelihood: -5.20053e+07	(delta): 124.756
44 (QN/Block) 	Elapsed: 321.66	Loglikelihood: -5.20053e+07	(delta): 30.971
45 (QN/Block) 	Elapsed: 315.007	Loglikelihood: -5.20052e+07	(delta): 52.8403
46 (QN/Block) 	Elapsed: 318.199	Loglikelihood: -5.20052e+07	(delta): 17.6683
47 (QN/Block) 	Elapsed: 314.804	Loglikelihood: -5.20052e+07	(delta): 6.49538
48 (QN/Block) 	Elapsed: 314.121	Loglikelihood: -5.20052e+07	(delta): 3.27077
49 (QN/Block) 	Elapsed: 318.708	Loglikelihood: -5.20052e+07	(delta): 0.615621
50 (QN/Block) 	Elapsed: 322.13	Loglikelihood: -5.20051e+07	(delta): 32.3137
51 (QN/Block) 	Elapsed: 326.745	Loglikelihood: -5.20051e+07	(delta): 36.052
52 (QN/Block) 	Elapsed: 326.113	Loglikelihood: -5.20051e+07	(delta): 7.11573
53 (QN/Block) 	Elapsed: 312.659	Loglikelihood: -5.20051e+07	(delta): 3.0088
54 (QN/Block) 	Elapsed: 315.97	Loglikelihood: -5.20051e+07	(delta): 0.840001
55 (QN/Block) 	Elapsed: 324.428	Loglikelihood: -5.20051e+07	(delta): 0.202042
56 (QN/Block) 	Elapsed: 316.753	Loglikelihood: -5.20051e+07	(delta): 0.131041
57 (QN/Block) 	Elapsed: 314.748	Loglikelihood: -5.20051e+07	(delta): 0.054861
58 (QN/Block) 	Elapsed: 317.845	Loglikelihood: -5.20051e+07	(delta): 0.0438452
59 (QN/Block) 	Elapsed: 313.551	Loglikelihood: -5.20051e+07	(delta): 0.033512
60 (QN/Block) 	Elapsed: 314.096	Loglikelihood: -5.20051e+07	(delta): 0.0324121
61 (QN/Block) 	Elapsed: 314.285	Loglikelihood: -5.20051e+07	(delta): 0.0117906
62 (QN/Block) 	Elapsed: 314.365	Loglikelihood: -5.20051e+07	(delta): 0.00399321
63 (QN/Block) 	Elapsed: 312.622	Loglikelihood: -5.20051e+07	(delta): 0.00172761
64 (QN/Block) 	Elapsed: 314.799	Loglikelihood: -5.20051e+07	(delta): 0.00222649
65 (QN/Block) 	Elapsed: 315.73	Loglikelihood: -5.20051e+07	(delta): 0.000522435
66 (QN/Block) 	Elapsed: 316.763	Loglikelihood: -5.20051e+07	(delta): 0.000179425
67 (QN/Block) 	Elapsed: 312.806	Loglikelihood: -5.20051e+07	(delta): 2.56598e-05
Summary: 
Converged in 67 iterations (22379.8 sec)
Loglikelihood: -52005094.591138
Fst divergences between estimated populations: 
	Pop0	Pop1	Pop2	Pop3	Pop4	Pop5	Pop6	Pop7	Pop8	Pop9	Pop10	Pop11	Pop12	Pop13	Pop14	Pop15	Pop16	Pop17	Pop18	Pop19	Pop20	Pop21	Pop22	Pop23	Pop24	Pop25	Pop26	
Pop0	
Pop1	0.064	
Pop2	0.188	0.168	
Pop3	0.186	0.163	0.229	
Pop4	0.062	0.025	0.165	0.159	
Pop5	0.060	0.040	0.169	0.168	0.037	
Pop6	0.063	0.031	0.169	0.167	0.029	0.028	
Pop7	0.241	0.221	0.178	0.280	0.217	0.222	0.223	
Pop8	0.205	0.177	0.261	0.245	0.174	0.192	0.193	0.301	
Pop9	0.197	0.176	0.271	0.268	0.175	0.183	0.182	0.325	0.268	
Pop10	0.149	0.117	0.207	0.191	0.115	0.134	0.134	0.248	0.089	0.214	
Pop11	0.125	0.103	0.134	0.144	0.102	0.109	0.106	0.188	0.207	0.196	0.151	
Pop12	0.087	0.062	0.170	0.168	0.059	0.063	0.063	0.227	0.200	0.195	0.142	0.106	
Pop13	0.155	0.134	0.080	0.197	0.131	0.135	0.135	0.130	0.234	0.239	0.179	0.100	0.136	
Pop14	0.066	0.032	0.169	0.162	0.031	0.043	0.034	0.221	0.174	0.180	0.114	0.104	0.065	0.135	
Pop15	0.153	0.119	0.212	0.196	0.117	0.138	0.136	0.254	0.100	0.218	0.028	0.155	0.146	0.184	0.117	
Pop16	0.061	0.037	0.140	0.138	0.035	0.039	0.038	0.195	0.178	0.168	0.119	0.071	0.042	0.107	0.040	0.122	
Pop17	0.062	0.030	0.170	0.165	0.028	0.037	0.029	0.223	0.188	0.183	0.128	0.106	0.061	0.136	0.034	0.131	0.036	
Pop18	0.198	0.175	0.245	0.117	0.171	0.180	0.181	0.294	0.251	0.278	0.198	0.166	0.182	0.213	0.175	0.203	0.151	0.177	
Pop19	0.166	0.136	0.221	0.205	0.134	0.153	0.152	0.260	0.072	0.228	0.047	0.167	0.160	0.194	0.134	0.057	0.138	0.147	0.212	
Pop20	0.059	0.032	0.151	0.146	0.030	0.036	0.035	0.204	0.178	0.171	0.118	0.085	0.044	0.117	0.035	0.121	0.015	0.031	0.159	0.137	
Pop21	0.121	0.102	0.132	0.154	0.100	0.102	0.104	0.185	0.208	0.201	0.152	0.037	0.104	0.099	0.104	0.157	0.072	0.104	0.171	0.168	0.084	
Pop22	0.062	0.035	0.155	0.160	0.033	0.028	0.021	0.210	0.189	0.178	0.131	0.096	0.054	0.122	0.037	0.134	0.030	0.032	0.173	0.149	0.029	0.092	
Pop23	0.223	0.204	0.156	0.264	0.201	0.203	0.207	0.179	0.287	0.307	0.235	0.172	0.207	0.107	0.205	0.240	0.177	0.207	0.278	0.247	0.186	0.171	0.194	
Pop24	0.128	0.114	0.148	0.150	0.110	0.105	0.118	0.198	0.211	0.204	0.155	0.026	0.115	0.114	0.115	0.161	0.081	0.116	0.173	0.172	0.094	0.053	0.108	0.180	
Pop25	0.080	0.042	0.183	0.178	0.043	0.058	0.050	0.235	0.188	0.193	0.129	0.119	0.081	0.149	0.046	0.132	0.056	0.047	0.189	0.147	0.050	0.117	0.054	0.218	0.129	
Pop26	0.078	0.042	0.172	0.164	0.041	0.054	0.044	0.223	0.161	0.181	0.097	0.108	0.077	0.139	0.044	0.099	0.052	0.047	0.177	0.120	0.048	0.108	0.048	0.207	0.118	0.056	
Pop27	0.059	0.032	0.158	0.157	0.030	0.032	0.029	0.212	0.187	0.175	0.129	0.094	0.051	0.124	0.035	0.132	0.027	0.030	0.170	0.147	0.024	0.092	0.024	0.195	0.104	0.052	0.049	
CV error (K=28): 0.09853
Writing output files.
